Base path: 'C:/Program Files/Unity/Hub/Editor/2019.3.15f1/Editor/Data', plugins path 'C:/Program Files/Unity/Hub/Editor/2019.3.15f1/Editor/Data/PlaybackEngines'
Cmd: initializeCompiler
Cmd: preprocessCompute
  insize=18709 outsize=18731 ok=1
Cmd: compileComputeKernel
  api=4 insize=18731 outsize=10507 ok=1
Cmd: preprocessCompute
  insize=4444 outsize=4443 ok=1
Cmd: compileComputeKernel
  api=4 insize=4443 outsize=2478 ok=1
Cmd: preprocessCompute
  insize=1439 outsize=1438 ok=1
Cmd: compileComputeKernel
  api=4 insize=1438 outsize=1944 ok=1
Cmd: preprocessCompute
  insize=1220 outsize=1226 ok=1
Cmd: compileComputeKernel
  api=4 insize=1226 outsize=800 ok=1
Cmd: preprocessCompute
  insize=1499 outsize=1505 ok=1
Cmd: compileComputeKernel
  api=4 insize=1505 outsize=1455 ok=1
Cmd: preprocessCompute
  insize=5024 outsize=5032 ok=1
Cmd: compileComputeKernel
  api=4 insize=5032 outsize=9142 ok=1
Cmd: preprocessCompute
  insize=1858 outsize=1864 ok=1
Cmd: compileComputeKernel
  api=4 insize=1864 outsize=1385 ok=1
Cmd: preprocessCompute
  insize=1523 outsize=1522 ok=1
Cmd: compileComputeKernel
  api=4 insize=1522 outsize=1121 ok=1
Cmd: preprocessCompute
  insize=2530 outsize=2529 ok=1
Cmd: compileComputeKernel
  api=4 insize=2529 outsize=7731 ok=1
Cmd: preprocessCompute
  insize=3152 outsize=3158 ok=1
Cmd: compileComputeKernel
  api=4 insize=3158 outsize=47803 ok=1
Cmd: preprocessCompute
  insize=11166 outsize=11176 ok=1
Cmd: compileComputeKernel
  api=4 insize=11176 outsize=9684 ok=1
Cmd: preprocessCompute
  insize=2114 outsize=2120 ok=1
Cmd: compileComputeKernel
  api=4 insize=2120 outsize=1005 ok=1
Cmd: preprocessCompute
  insize=838 outsize=839 ok=1
Cmd: compileComputeKernel
  api=4 insize=839 outsize=497 ok=1
Cmd: preprocessCompute
  insize=1320 outsize=1321 ok=1
Cmd: compileComputeKernel
  api=4 insize=1321 outsize=959 ok=1
Cmd: preprocessCompute
  insize=2128 outsize=2134 ok=1
Cmd: compileComputeKernel
  api=4 insize=2134 outsize=1515 ok=1
Cmd: preprocessCompute
  insize=1251 outsize=1250 ok=1
Cmd: compileComputeKernel
  api=4 insize=1250 outsize=1522 ok=1
Cmd: preprocessCompute
  insize=4918 outsize=4919 ok=1
Cmd: compileComputeKernel
  api=4 insize=4919 outsize=2978 ok=1
Cmd: preprocessCompute
  insize=3526 outsize=3532 ok=1
Cmd: compileComputeKernel
  api=4 insize=3532 outsize=2521 ok=1
Cmd: preprocessCompute
  insize=3168 outsize=3174 ok=1
Cmd: compileComputeKernel
  api=4 insize=3174 outsize=1324 ok=1
Cmd: preprocessCompute
  insize=928 outsize=927 ok=1
Cmd: compileComputeKernel
  api=4 insize=927 outsize=1119 ok=1
Cmd: preprocessCompute
  insize=1893 outsize=1897 ok=1
Cmd: compileComputeKernel
  api=4 insize=1897 outsize=1383 ok=1
Cmd: preprocessCompute
  insize=5587 outsize=5591 ok=1
Cmd: compileComputeKernel
  api=4 insize=5591 outsize=6437 ok=1
Cmd: preprocessCompute
  insize=10214 outsize=10215 ok=1
Cmd: compileComputeKernel
  api=4 insize=10215 outsize=3240 ok=1
Cmd: preprocessCompute
  insize=1869 outsize=1868 ok=1
Cmd: compileComputeKernel
  api=4 insize=1868 outsize=3003 ok=1
Cmd: preprocessCompute
  insize=18709 outsize=18731 ok=1
Cmd: preprocessCompute
  insize=4444 outsize=4443 ok=1
Cmd: preprocessCompute
  insize=1439 outsize=1438 ok=1
Cmd: preprocessCompute
  insize=1220 outsize=1226 ok=1
Cmd: preprocessCompute
  insize=1499 outsize=1505 ok=1
Cmd: preprocessCompute
  insize=5024 outsize=5032 ok=1
Cmd: preprocessCompute
  insize=1858 outsize=1864 ok=1
Cmd: preprocessCompute
  insize=1523 outsize=1522 ok=1
Cmd: preprocessCompute
  insize=2530 outsize=2529 ok=1
Cmd: preprocessCompute
  insize=3152 outsize=3158 ok=1
Cmd: preprocessCompute
  insize=11166 outsize=11176 ok=1
Cmd: preprocessCompute
  insize=2114 outsize=2120 ok=1
Cmd: preprocessCompute
  insize=838 outsize=839 ok=1
Cmd: preprocessCompute
  insize=1320 outsize=1321 ok=1
Cmd: preprocessCompute
  insize=2128 outsize=2134 ok=1
Cmd: preprocessCompute
  insize=1251 outsize=1250 ok=1
Cmd: preprocessCompute
  insize=4918 outsize=4919 ok=1
Cmd: preprocessCompute
  insize=3526 outsize=3532 ok=1
Cmd: preprocessCompute
  insize=3168 outsize=3174 ok=1
Cmd: preprocessCompute
  insize=928 outsize=927 ok=1
Cmd: preprocessCompute
  insize=1893 outsize=1897 ok=1
Cmd: preprocessCompute
  insize=5587 outsize=5591 ok=1
Cmd: preprocessCompute
  insize=10214 outsize=10215 ok=1
Cmd: preprocessCompute
  insize=1869 outsize=1868 ok=1
Cmd: preprocessCompute
  insize=18709 outsize=18731 ok=1
Cmd: preprocessCompute
  insize=4444 outsize=4443 ok=1
Cmd: preprocessCompute
  insize=1439 outsize=1438 ok=1
Cmd: preprocessCompute
  insize=1220 outsize=1226 ok=1
Cmd: preprocessCompute
  insize=1499 outsize=1505 ok=1
Cmd: preprocessCompute
  insize=5024 outsize=5032 ok=1
Cmd: preprocessCompute
  insize=1858 outsize=1864 ok=1
Cmd: preprocessCompute
  insize=1523 outsize=1522 ok=1
Cmd: preprocessCompute
  insize=2530 outsize=2529 ok=1
Cmd: preprocessCompute
  insize=3152 outsize=3158 ok=1
Cmd: preprocessCompute
  insize=11166 outsize=11176 ok=1
Cmd: preprocessCompute
  insize=2114 outsize=2120 ok=1
Cmd: preprocessCompute
  insize=838 outsize=839 ok=1
Cmd: preprocessCompute
  insize=1320 outsize=1321 ok=1
Cmd: preprocessCompute
  insize=2128 outsize=2134 ok=1
Cmd: preprocessCompute
  insize=1251 outsize=1250 ok=1
Cmd: preprocessCompute
  insize=4918 outsize=4919 ok=1
Cmd: preprocessCompute
  insize=3526 outsize=3532 ok=1
Cmd: preprocessCompute
  insize=3168 outsize=3174 ok=1
Cmd: preprocessCompute
  insize=928 outsize=927 ok=1
Cmd: preprocessCompute
  insize=1893 outsize=1897 ok=1
Cmd: preprocessCompute
  insize=5587 outsize=5591 ok=1
Cmd: preprocessCompute
  insize=10214 outsize=10215 ok=1
Cmd: preprocessCompute
  insize=1869 outsize=1868 ok=1

Quitting shader compiler process
